<?xml version="1.0" encoding="UTF-8"?>
<testng-results skipped="0" failed="0" total="1" passed="1">
  <reporter-output>
  </reporter-output>
  <suite name="Default suite" duration-ms="18590" started-at="2017-04-19T11:16:42Z" finished-at="2017-04-19T11:17:00Z">
    <groups>
    </groups>
    <test name="Default test" duration-ms="18590" started-at="2017-04-19T11:16:42Z" finished-at="2017-04-19T11:17:00Z">
      <class name="CucumberTest.QnetTest.SeleniumTest">
        <test-method status="PASS" signature="test()[pri:0, instance:CucumberTest.QnetTest.SeleniumTest@28feb3fa]" name="test" duration-ms="18578" started-at="2017-04-19T16:46:42Z" finished-at="2017-04-19T16:47:00Z">
          <reporter-output>
          </reporter-output>
        </test-method> <!-- test -->
      </class> <!-- CucumberTest.QnetTest.SeleniumTest -->
    </test> <!-- Default test -->
  </suite> <!-- Default suite -->
</testng-results>
